<?xml version="1.0" encoding="UTF-8"?>
<!-- Generated by org.testng.reporters.JUnitReportReporter -->
<testsuite hostname="DESKTOP-NG9ASR4" failures="0" tests="1" name="TestCases.TC01LoginTest" time="3.091" errors="0" timestamp="2023-02-02T20:52:46 IST" skipped="0">
  <testcase classname="TestCases.TC01LoginTest" name="login" time="3.091"/>
  <system-out/>
</testsuite> <!-- TestCases.TC01LoginTest -->
